<?xml version="1.0" encoding="UTF-8"?>
<!-- Generated by org.testng.reporters.JUnitXMLReporter -->
<testsuite hostname="amaryadav" ignored="3" name="cleartrip" tests="4" failures="1" timestamp="2020-03-09T22:30:11 IST" time="3.792" errors="0">
  <testcase name="appHasAGreeting" time="0.011" classname="com.assignment.cleartrip.webapp.test.base.AppTest"/>
  <testcase name="verify_load_time" time="0.007" classname="com.assignment.cleartrip.webapp.test.base.BrowserTest"/>
  <testcase name="verify_load_time" time="0.027" classname="com.assignment.cleartrip.webapp.test.base.BrowserTest"/>
  <testcase name="search_flightfromdeltomum" time="3.681" classname="com.assignment.cleartrip.webapp.test.search.flight.FlightSearchTest">
    <failure type="org.openqa.selenium.ElementNotInteractableException" message="element not interactable
  (Session info: chrome=80.0.3987.132)
Build info: version: &amp;apos;3.141.59&amp;apos;, revision: &amp;apos;e82be7d358&amp;apos;, time: &amp;apos;2018-11-14T08:17:03&amp;apos;
System info: host: &amp;apos;AMARYADAV&amp;apos;, ip: &amp;apos;192.168.0.4&amp;apos;, os.name: &amp;apos;Windows 10&amp;apos;, os.arch: &amp;apos;amd64&amp;apos;, os.version: &amp;apos;10.0&amp;apos;, java.version: &amp;apos;1.8.0_131&amp;apos;
Driver info: org.openqa.selenium.chrome.ChromeDriver
Capabilities {acceptInsecureCerts: true, browserName: chrome, browserVersion: 80.0.3987.132, chrome: {chromedriverVersion: 80.0.3987.106 (f68069574609..., userDataDir: C:\Users\AMARYA~1\AppData\L...}, goog:chromeOptions: {debuggerAddress: localhost:62190}, javascriptEnabled: true, networkConnectionEnabled: false, pageLoadStrategy: normal, platform: WINDOWS, platformName: WINDOWS, proxy: Proxy(), setWindowRect: true, strictFileInteractability: false, timeouts: {implicit: 0, pageLoad: 300000, script: 30000}, unhandledPromptBehavior: dismiss and notify}
Session ID: 8f80e7d3647a1571ffe66dd8fd6d3277">
      <![CDATA[org.openqa.selenium.ElementNotInteractableException: element not interactable
  (Session info: chrome=80.0.3987.132)
Build info: version: '3.141.59', revision: 'e82be7d358', time: '2018-11-14T08:17:03'
System info: host: 'AMARYADAV', ip: '192.168.0.4', os.name: 'Windows 10', os.arch: 'amd64', os.version: '10.0', java.version: '1.8.0_131'
Driver info: org.openqa.selenium.chrome.ChromeDriver
Capabilities {acceptInsecureCerts: true, browserName: chrome, browserVersion: 80.0.3987.132, chrome: {chromedriverVersion: 80.0.3987.106 (f68069574609..., userDataDir: C:\Users\AMARYA~1\AppData\L...}, goog:chromeOptions: {debuggerAddress: localhost:62190}, javascriptEnabled: true, networkConnectionEnabled: false, pageLoadStrategy: normal, platform: WINDOWS, platformName: WINDOWS, proxy: Proxy(), setWindowRect: true, strictFileInteractability: false, timeouts: {implicit: 0, pageLoad: 300000, script: 30000}, unhandledPromptBehavior: dismiss and notify}
Session ID: 8f80e7d3647a1571ffe66dd8fd6d3277
at org.openqa.selenium.remote.http.W3CHttpResponseCodec.createException(W3CHttpResponseCodec.java:187)
at org.openqa.selenium.remote.http.W3CHttpResponseCodec.decode(W3CHttpResponseCodec.java:122)
at org.openqa.selenium.remote.http.W3CHttpResponseCodec.decode(W3CHttpResponseCodec.java:49)
at org.openqa.selenium.remote.HttpCommandExecutor.execute(HttpCommandExecutor.java:158)
at org.openqa.selenium.remote.service.DriverCommandExecutor.execute(DriverCommandExecutor.java:83)
at org.openqa.selenium.remote.RemoteWebDriver.execute(RemoteWebDriver.java:552)
at org.openqa.selenium.remote.RemoteWebElement.execute(RemoteWebElement.java:285)
at org.openqa.selenium.remote.RemoteWebElement.click(RemoteWebElement.java:84)
at org.openqa.selenium.support.pagefactory.internal.LocatingElementHandler.invoke(LocatingElementHandler.java:51)
at com.sun.proxy.$Proxy10.click(Unknown Source)
at com.assignment.cleartrip.webapp.test.search.flight.FlightPage.selectCalendarDate(FlightPage.java:149)
at com.assignment.cleartrip.webapp.test.search.flight.FlightPage.selectDateForDeparture(FlightPage.java:104)
at com.assignment.cleartrip.webapp.test.search.flight.FlightSearchTest.search_flightfromdeltomum(FlightSearchTest.java:29)
at java.util.ArrayList.forEach(Unknown Source)
... Removed 35 stack frames]]>
    </failure>
  </testcase> <!-- search_flightfromdeltomum -->
  <testcase name="@BeforeSuite launch_webdriver" time="0.0" classname="com.assignment.cleartrip.webapp.test.base.BrowserTest">
    <ignored/>
  </testcase> <!-- @BeforeSuite launch_webdriver -->
  <testcase name="@BeforeSuite load_base_url" time="0.0" classname="com.assignment.cleartrip.webapp.test.base.BrowserTest">
    <ignored/>
  </testcase> <!-- @BeforeSuite load_base_url -->
  <testcase name="@AfterSuite tear_down_webdriver" time="0.0" classname="com.assignment.cleartrip.webapp.test.base.BrowserTest">
    <ignored/>
  </testcase> <!-- @AfterSuite tear_down_webdriver -->
</testsuite> <!-- cleartrip -->
